<?xml version="1.0" encoding="utf-8"?><testsuites name="pytest tests"><testsuite name="pytest" errors="0" failures="1" skipped="0" tests="23" time="4.692" timestamp="2026-09-25T11:28:50.140671+00:00" hostname="agent-env-215ac263-7434-4ca2-ad46-f8d9638e8847"><testcase classname="tests.test_pinkey_api" name="test_root" time="0.305" /><testcase classname="tests.test_pinkey_api.TestAdminUserLifecycle" name="test_a_create_user" time="1.158" /><testcase classname="tests.test_pinkey_api" name="test_me_requires_token" time="0.096" /><testcase classname="tests.test_pinkey_api" name="test_admin_users_requires_token" time="0.751" /><testcase classname="tests.test_pinkey_api.TestAdminUserLifecycle" name="test_b_duplicate_create_fails" time="0.070" /><testcase classname="tests.test_pinkey_api.TestAdminUserLifecycle" name="test_c_list_shows_user" time="0.073" /><testcase classname="tests.test_pinkey_api" name="test_admin_me" time="0.191" /><testcase classname="tests.test_pinkey_api.TestAdminUserLifecycle" name="test_d_performer_signin_and_me" time="0.207" /><testcase classname="tests.test_pinkey_api" name="test_performer_cannot_access_admin" time="0.349" /><testcase classname="tests.test_pinkey_api.TestAdminUserLifecycle" name="test_e_activate_license" time="0.139" /><testcase classname="tests.test_pinkey_api.TestAdminUserLifecycle" name="test_f_activate_invalid_key" time="0.118" /><testcase classname="tests.test_pinkey_api" name="test_wrong_login_rejected" time="0.076" /><testcase classname="tests.test_pinkey_api.TestAdminUserLifecycle" name="test_g_second_device_conflicts" time="0.115" /><testcase classname="tests.test_pinkey_api.TestAdminUserLifecycle" name="test_h_license_status_open" time="0.118" /><testcase classname="tests.test_pinkey_api.TestAdminUserLifecycle" name="test_i_revoke_license" time="0.206" /><testcase classname="tests.test_pinkey_api.TestAdminUserLifecycle" name="test_j_reactivate_license" time="0.076" /><testcase classname="tests.test_pinkey_api.TestAdminUserLifecycle" name="test_k_unbind_devices" time="0.173" /><testcase classname="tests.test_pinkey_api.TestAdminUserLifecycle" name="test_l_toggle_status_disable" time="0.479" /><testcase classname="tests.test_pinkey_api.TestAdminUserLifecycle" name="test_m_toggle_status_enable" time="0.370" /><testcase classname="tests.test_pinkey_api.TestAdminUserLifecycle" name="test_n_reset_password" time="0.465" /><testcase classname="tests.test_pinkey_api.TestAdminUserLifecycle" name="test_o_sales_summary" time="0.078" /><testcase classname="tests.test_pinkey_api.TestAdminUserLifecycle" name="test_p_update_sale_refund" time="0.074" /><testcase classname="tests.test_pinkey_api.TestAdminUserLifecycle" name="test_q_delete_user" time="0.421"><failure message="AssertionError: assert 'test_perf_1790335730@example.com' not in ['test_perf_1790335730@example.com', 'magician1@test.com']&#10; +  where 'test_perf_1790335730@example.com' = &lt;test_pinkey_api.TestAdminUserLifecycle object at 0xfd9661da6a50&gt;.email">tests/test_pinkey_api.py:206: in test_q_delete_user
    assert self.email not in [u["email"] for u in users]
E   AssertionError: assert 'test_perf_1790335730@example.com' not in ['test_perf_1790335730@example.com', 'magician1@test.com']
E    +  where 'test_perf_1790335730@example.com' = &lt;test_pinkey_api.TestAdminUserLifecycle object at 0xfd9661da6a50&gt;.email</failure></testcase></testsuite></testsuites>